<?xml version="1.0" encoding="UTF-8"?>
<testsuite xmlns:xsi="http://www.w3.org/2001/XMLSchema-instance" xsi:noNamespaceSchemaLocation="https://maven.apache.org/surefire/maven-surefire-plugin/xsd/surefire-test-report-3.0.xsd" version="3.0" name="com.hrm.service.NotificationRecipientServiceTest" time="0.075" tests="4" errors="0" skipped="0" failures="0">
  <properties>
[...]
</properties>
  <testcase name="ignoresBlankRoleName" classname="com.hrm.service.NotificationRecipientServiceTest" time="0.028"/>
  <testcase name="returnsActiveUsersForRoleName" classname="com.hrm.service.NotificationRecipientServiceTest" time="0.002"/>
  <testcase name="returnsDepartmentManagersForDepartment" classname="com.hrm.service.NotificationRecipientServiceTest" time="0.001"/>
  <testcase name="returnsActiveUserForEmployeeId" classname="com.hrm.service.NotificationRecipientServiceTest" time="0.001"/>
</testsuite>